<?xml version="1.0" encoding="UTF-8"?>
<!-- Generated by org.testng.reporters.JUnitReportReporter -->
<testsuite hostname="Q10095" name="com.Stockaccounting.masterscripts.SATest" tests="2" failures="0" timestamp="14 Jul 2016 08:52:25 GMT" time="25.856" errors="0">
  <testcase name="Suppliers" time="13.191" classname="com.Stockaccounting.masterscripts.SATest"/>
  <testcase name="Suppliers" time="12.665" classname="com.Stockaccounting.masterscripts.SATest"/>
</testsuite> <!-- com.Stockaccounting.masterscripts.SATest -->
