<?xml version="1.0" encoding="UTF-8"?>
<!-- Generated by org.testng.reporters.JUnitReportReporter -->
<testsuite hostname="Q10095" name="com.Stockaccounting.tests.pomsuppliercreationexe" tests="1" failures="0" timestamp="14 Jul 2016 10:44:50 GMT" time="24.617" errors="0">
  <testcase name="screationexe" time="24.617" classname="com.Stockaccounting.tests.pomsuppliercreationexe"/>
</testsuite> <!-- com.Stockaccounting.tests.pomsuppliercreationexe -->
